\BOOKMARK [0][-]{chapter*.4}{\376\377\000A\000b\000s\000t\000r\000a\000c\000t}{}% 1
\BOOKMARK [0][-]{chapter.1}{\376\377\0001\000\040\000I\000n\000t\000r\000o\000d\000u\000c\000t\000i\000o\000n}{}% 2
\BOOKMARK [1][-]{section.1.1}{\376\377\0001\000.\0001\000\040\000B\000a\000c\000k\000g\000r\000o\000u\000n\000d}{chapter.1}% 3
\BOOKMARK [1][-]{section.1.2}{\376\377\0001\000.\0002\000\040\000N\000e\000p\000a\000l\000\040\000a\000s\000\040\000E\000m\000p\000i\000r\000i\000c\000a\000l\000\040\000T\000e\000s\000t\000b\000e\000d\000\040\000a\000n\000d\000\040\000G\000e\000n\000e\000r\000a\000l\000i\000s\000a\000t\000i\000o\000n\000\040\000F\000r\000a\000m\000e}{chapter.1}% 4
\BOOKMARK [1][-]{section.1.3}{\376\377\0001\000.\0003\000\040\000R\000e\000s\000e\000a\000r\000c\000h\000\040\000P\000r\000o\000b\000l\000e\000m}{chapter.1}% 5
\BOOKMARK [1][-]{section.1.4}{\376\377\0001\000.\0004\000\040\000R\000e\000s\000e\000a\000r\000c\000h\000\040\000A\000i\000m}{chapter.1}% 6
\BOOKMARK [1][-]{section.1.5}{\376\377\0001\000.\0005\000\040\000R\000e\000s\000e\000a\000r\000c\000h\000\040\000O\000b\000j\000e\000c\000t\000i\000v\000e\000s}{chapter.1}% 7
\BOOKMARK [1][-]{section.1.6}{\376\377\0001\000.\0006\000\040\000R\000e\000s\000e\000a\000r\000c\000h\000\040\000Q\000u\000e\000s\000t\000i\000o\000n\000s}{chapter.1}% 8
\BOOKMARK [1][-]{section.1.7}{\376\377\0001\000.\0007\000\040\000R\000e\000s\000e\000a\000r\000c\000h\000\040\000C\000o\000n\000t\000r\000i\000b\000u\000t\000i\000o\000n\000s}{chapter.1}% 9
\BOOKMARK [0][-]{chapter.2}{\376\377\0002\000\040\000L\000i\000t\000e\000r\000a\000t\000u\000r\000e\000\040\000R\000e\000v\000i\000e\000w\000\040\000a\000n\000d\000\040\000T\000h\000e\000o\000r\000e\000t\000i\000c\000a\000l\000\040\000F\000r\000a\000m\000e\000w\000o\000r\000k}{}% 10
\BOOKMARK [1][-]{section.2.1}{\376\377\0002\000.\0001\000\040\000F\000e\000d\000e\000r\000a\000t\000e\000d\000\040\000A\000u\000t\000h\000e\000n\000t\000i\000c\000a\000t\000i\000o\000n\000\040\000a\000n\000d\000\040\000S\000u\000b\000s\000c\000r\000i\000b\000e\000r\000\040\000I\000d\000e\000n\000t\000i\000t\000y}{chapter.2}% 11
\BOOKMARK [1][-]{section.2.2}{\376\377\0002\000.\0002\000\040\000W\000i\000-\000F\000i\000\040\000R\000o\000a\000m\000i\000n\000g\000,\000\040\000H\000o\000t\000s\000p\000o\000t\000s\000,\000\040\000a\000n\000d\000\040\000S\000h\000a\000r\000e\000d\000\040\000A\000c\000c\000e\000s\000s}{chapter.2}% 12
\BOOKMARK [1][-]{section.2.3}{\376\377\0002\000.\0003\000\040\000E\000d\000g\000e\000\040\000S\000l\000i\000c\000i\000n\000g\000\040\000a\000n\000d\000\040\000S\000e\000c\000u\000r\000e\000\040\000O\000v\000e\000r\000l\000a\000y\000\040\000T\000r\000a\000n\000s\000p\000o\000r\000t}{chapter.2}% 13
\BOOKMARK [1][-]{section.2.4}{\376\377\0002\000.\0004\000\040\000L\000E\000O\000\040\000B\000a\000c\000k\000h\000a\000u\000l\000\040\000a\000n\000d\000\040\000R\000u\000r\000a\000l\000\040\000R\000e\000s\000i\000l\000i\000e\000n\000c\000e}{chapter.2}% 14
\BOOKMARK [1][-]{section.2.5}{\376\377\0002\000.\0005\000\040\000G\000r\000a\000p\000h\000\040\000L\000e\000a\000r\000n\000i\000n\000g\000\040\000a\000n\000d\000\040\000W\000i\000r\000e\000l\000e\000s\000s\000\040\000R\000e\000s\000o\000u\000r\000c\000e\000\040\000A\000l\000l\000o\000c\000a\000t\000i\000o\000n}{chapter.2}% 15
\BOOKMARK [1][-]{section.2.6}{\376\377\0002\000.\0006\000\040\000T\000h\000e\000o\000r\000e\000t\000i\000c\000a\000l\000\040\000F\000r\000a\000m\000e\000w\000o\000r\000k}{chapter.2}% 16
\BOOKMARK [0][-]{chapter.3}{\376\377\0003\000\040\000S\000y\000s\000t\000e\000m\000\040\000A\000r\000c\000h\000i\000t\000e\000c\000t\000u\000r\000e}{}% 17
\BOOKMARK [1][-]{section.3.1}{\376\377\0003\000.\0001\000\040\000A\000r\000c\000h\000i\000t\000e\000c\000t\000u\000r\000a\000l\000\040\000B\000o\000u\000n\000d\000a\000r\000y\000\040\000C\000o\000n\000d\000i\000t\000i\000o\000n\000s}{chapter.3}% 18
\BOOKMARK [1][-]{section.3.2}{\376\377\0003\000.\0002\000\040\000C\000l\000e\000a\000n\000\040\000F\000o\000u\000r\000-\000P\000l\000a\000n\000e\000\040\000A\000r\000c\000h\000i\000t\000e\000c\000t\000u\000r\000e}{chapter.3}% 19
\BOOKMARK [1][-]{section.3.3}{\376\377\0003\000.\0003\000\040\000F\000a\000s\000t\000\040\000P\000a\000t\000h\000,\000\040\000S\000l\000o\000w\000\040\000P\000a\000t\000h\000,\000\040\000a\000n\000d\000\040\000C\000o\000n\000t\000r\000o\000l\000\040\000E\000p\000o\000c\000h\000s}{chapter.3}% 20
\BOOKMARK [1][-]{section.3.4}{\376\377\0003\000.\0004\000\040\000C\000o\000m\000m\000o\000d\000i\000t\000y\000\040\000E\000d\000g\000e\000\040\000R\000e\000s\000o\000u\000r\000c\000e\000\040\000B\000u\000d\000g\000e\000t}{chapter.3}% 21
\BOOKMARK [2][-]{subsection.3.4.1}{\376\377\0003\000.\0004\000.\0001\000\040\000D\000r\000i\000v\000e\000r\000\040\000B\000u\000f\000f\000e\000r\000\040\000A\000d\000m\000i\000s\000s\000i\000o\000n\000\040\000H\000e\000u\000r\000i\000s\000t\000i\000c}{section.3.4}% 22
\BOOKMARK [1][-]{section.3.5}{\376\377\0003\000.\0005\000\040\000E\000d\000g\000e\000\040\000S\000u\000r\000v\000i\000v\000a\000b\000i\000l\000i\000t\000y\000\040\000U\000n\000d\000e\000r\000\040\000L\000o\000c\000a\000l\000\040\000I\000s\000o\000l\000a\000t\000i\000o\000n}{chapter.3}% 23
\BOOKMARK [1][-]{section.3.6}{\376\377\0003\000.\0006\000\040\000N\000o\000r\000m\000a\000l\000i\000s\000e\000d\000\040\000L\000E\000O\000\040\000C\000o\000n\000t\000r\000o\000l\000\040\000B\000a\000c\000k\000o\000f\000f}{chapter.3}% 24
\BOOKMARK [1][-]{section.3.7}{\376\377\0003\000.\0007\000\040\000S\000y\000s\000t\000e\000m\000s\000\040\000V\000e\000r\000i\000f\000i\000c\000a\000t\000i\000o\000n\000\040\000M\000a\000t\000r\000i\000x}{chapter.3}% 25
\BOOKMARK [0][-]{chapter.4}{\376\377\0004\000\040\000F\000o\000r\000m\000a\000l\000\040\000M\000a\000t\000h\000e\000m\000a\000t\000i\000c\000a\000l\000\040\000M\000o\000d\000e\000l}{}% 26
\BOOKMARK [1][-]{section.4.1}{\376\377\0004\000.\0001\000\040\000S\000y\000s\000t\000e\000m\000\040\000V\000a\000r\000i\000a\000b\000l\000e\000s}{chapter.4}% 27
\BOOKMARK [2][-]{subsection.4.1.1}{\376\377\0004\000.\0001\000.\0001\000\040\000N\000o\000t\000a\000t\000i\000o\000n\000,\000\040\000P\000a\000r\000a\000m\000e\000t\000e\000r\000\040\000S\000e\000l\000e\000c\000t\000i\000o\000n\000,\000\040\000a\000n\000d\000\040\000N\000o\000r\000m\000a\000l\000i\000s\000a\000t\000i\000o\000n\000\040\000C\000o\000n\000v\000e\000n\000t\000i\000o\000n}{section.4.1}% 28
\BOOKMARK [1][-]{section.4.2}{\376\377\0004\000.\0002\000\040\000F\000i\000n\000i\000t\000e\000\040\000I\000m\000p\000l\000e\000m\000e\000n\000t\000a\000t\000i\000o\000n\000\040\000Q\000u\000e\000u\000e\000\040\000a\000n\000d\000\040\000A\000u\000x\000i\000l\000i\000a\000r\000y\000\040\000L\000D\000T\000\040\000Q\000u\000e\000u\000e}{chapter.4}% 29
\BOOKMARK [2][-]{subsection.4.2.1}{\376\377\0004\000.\0002\000.\0001\000\040\000F\000i\000n\000i\000t\000e\000\040\000D\000r\000o\000p\000-\000T\000a\000i\000l\000\040\000I\000m\000p\000l\000e\000m\000e\000n\000t\000a\000t\000i\000o\000n\000\040\000M\000o\000d\000e\000l}{section.4.2}% 30
\BOOKMARK [2][-]{subsection.4.2.2}{\376\377\0004\000.\0002\000.\0002\000\040\000D\000i\000f\000f\000u\000s\000i\000o\000n\000\040\000C\000o\000e\000f\000f\000i\000c\000i\000e\000n\000t\000\040\000E\000s\000t\000i\000m\000a\000t\000i\000o\000n}{section.4.2}% 31
\BOOKMARK [1][-]{section.4.3}{\376\377\0004\000.\0003\000\040\000L\000a\000r\000g\000e\000\040\000D\000e\000v\000i\000a\000t\000i\000o\000n\000s\000\040\000B\000o\000u\000n\000d\000\040\000f\000o\000r\000\040\000t\000h\000e\000\040\000A\000u\000x\000i\000l\000i\000a\000r\000y\000\040\000I\000n\000f\000i\000n\000i\000t\000e\000\040\000Q\000u\000e\000u\000e}{chapter.4}% 32
\BOOKMARK [1][-]{section.4.4}{\376\377\0004\000.\0004\000\040\000H\000a\000r\000d\000\040\000S\000a\000f\000e\000t\000y\000\040\000F\000e\000a\000s\000i\000b\000i\000l\000i\000t\000y\000\040\000a\000n\000d\000\040\000S\000t\000a\000t\000e\000-\000D\000e\000p\000e\000n\000d\000e\000n\000t\000\040\000S\000a\000f\000e\000\040\000A\000c\000t\000i\000o\000n\000s}{chapter.4}% 33
\BOOKMARK [1][-]{section.4.5}{\376\377\0004\000.\0005\000\040\000I\000n\000t\000e\000r\000f\000e\000r\000e\000n\000c\000e\000\040\000G\000r\000a\000p\000h\000\040\000a\000n\000d\000\040\000E\000d\000g\000e\000-\000A\000w\000a\000r\000e\000\040\000A\000t\000t\000e\000n\000t\000i\000o\000n}{chapter.4}% 34
\BOOKMARK [1][-]{section.4.6}{\376\377\0004\000.\0006\000\040\000P\000h\000y\000s\000i\000c\000s\000-\000I\000n\000f\000o\000r\000m\000e\000d\000\040\000P\000a\000t\000h\000-\000L\000o\000s\000s\000\040\000S\000c\000o\000p\000e}{chapter.4}% 35
\BOOKMARK [1][-]{section.4.7}{\376\377\0004\000.\0007\000\040\000C\000o\000n\000s\000i\000s\000t\000e\000n\000t\000\040\000C\000o\000s\000t\000-\000M\000i\000n\000i\000m\000i\000s\000a\000t\000i\000o\000n\000\040\000C\000M\000D\000P}{chapter.4}% 36
\BOOKMARK [1][-]{section.4.8}{\376\377\0004\000.\0008\000\040\000L\000E\000O\000\040\000B\000a\000c\000k\000h\000a\000u\000l\000\040\000R\000e\000s\000i\000l\000i\000e\000n\000c\000e\000\040\000C\000o\000s\000t}{chapter.4}% 37
\BOOKMARK [0][-]{chapter.5}{\376\377\0005\000\040\000M\000e\000t\000h\000o\000d\000o\000l\000o\000g\000y\000\040\000a\000n\000d\000\040\000E\000v\000a\000l\000u\000a\000t\000i\000o\000n\000\040\000F\000r\000a\000m\000e\000w\000o\000r\000k}{}% 38
\BOOKMARK [1][-]{section.5.1}{\376\377\0005\000.\0001\000\040\000R\000e\000s\000e\000a\000r\000c\000h\000\040\000D\000e\000s\000i\000g\000n}{chapter.5}% 39
\BOOKMARK [1][-]{section.5.2}{\376\377\0005\000.\0002\000\040\000D\000a\000t\000a\000s\000e\000t\000\040\000D\000e\000s\000i\000g\000n}{chapter.5}% 40
\BOOKMARK [1][-]{section.5.3}{\376\377\0005\000.\0003\000\040\000D\000a\000t\000a\000-\000P\000l\000a\000n\000e\000\040\000T\000o\000o\000l\000i\000n\000g\000\040\000H\000i\000e\000r\000a\000r\000c\000h\000y}{chapter.5}% 41
\BOOKMARK [1][-]{section.5.4}{\376\377\0005\000.\0004\000\040\000S\000y\000s\000t\000e\000m\000-\000L\000e\000v\000e\000l\000\040\000T\000e\000l\000e\000m\000e\000t\000r\000y\000\040\000T\000h\000r\000o\000t\000t\000l\000e}{chapter.5}% 42
\BOOKMARK [1][-]{section.5.5}{\376\377\0005\000.\0005\000\040\000E\000x\000p\000e\000r\000i\000m\000e\000n\000t\000a\000l\000\040\000B\000a\000s\000e\000l\000i\000n\000e\000s}{chapter.5}% 43
\BOOKMARK [1][-]{section.5.6}{\376\377\0005\000.\0006\000\040\000A\000b\000l\000a\000t\000i\000o\000n\000\040\000S\000t\000u\000d\000y\000\040\000P\000l\000a\000n}{chapter.5}% 44
\BOOKMARK [1][-]{section.5.7}{\376\377\0005\000.\0007\000\040\000E\000v\000a\000l\000u\000a\000t\000i\000o\000n\000\040\000M\000e\000t\000r\000i\000c\000s}{chapter.5}% 45
\BOOKMARK [1][-]{section.5.8}{\376\377\0005\000.\0008\000\040\000S\000t\000a\000t\000i\000s\000t\000i\000c\000a\000l\000\040\000A\000n\000a\000l\000y\000s\000i\000s\000\040\000P\000l\000a\000n}{chapter.5}% 46
\BOOKMARK [0][-]{chapter.6}{\376\377\0006\000\040\000I\000m\000p\000l\000e\000m\000e\000n\000t\000a\000t\000i\000o\000n\000\040\000B\000l\000u\000e\000p\000r\000i\000n\000t\000s\000\040\000a\000n\000d\000\040\000C\000o\000r\000e\000\040\000A\000l\000g\000o\000r\000i\000t\000h\000m\000s}{}% 47
\BOOKMARK [1][-]{section.6.1}{\376\377\0006\000.\0001\000\040\000A\000u\000t\000h\000e\000n\000t\000i\000c\000a\000t\000i\000o\000n\000\040\000a\000n\000d\000\040\000S\000l\000i\000c\000e\000\040\000A\000s\000s\000i\000g\000n\000m\000e\000n\000t}{chapter.6}% 48
\BOOKMARK [1][-]{section.6.2}{\376\377\0006\000.\0002\000\040\000B\000a\000c\000k\000h\000a\000u\000l\000\040\000S\000e\000l\000e\000c\000t\000i\000o\000n}{chapter.6}% 49
\BOOKMARK [1][-]{section.6.3}{\376\377\0006\000.\0003\000\040\000E\000d\000g\000e\000\040\000S\000u\000r\000v\000i\000v\000a\000b\000i\000l\000i\000t\000y\000\040\000a\000n\000d\000\040\000T\000o\000k\000e\000n\000\040\000C\000a\000c\000h\000e}{chapter.6}% 50
\BOOKMARK [1][-]{section.6.4}{\376\377\0006\000.\0004\000\040\000A\000l\000g\000o\000r\000i\000t\000h\000m\000i\000c\000\040\000C\000o\000m\000p\000l\000e\000x\000i\000t\000y\000\040\000a\000n\000d\000\040\000C\000o\000n\000t\000r\000o\000l\000\040\000O\000v\000e\000r\000h\000e\000a\000d}{chapter.6}% 51
\BOOKMARK [0][-]{chapter.7}{\376\377\0007\000\040\000E\000x\000p\000e\000c\000t\000e\000d\000\040\000O\000u\000t\000c\000o\000m\000e\000s\000,\000\040\000R\000i\000s\000k\000\040\000M\000i\000t\000i\000g\000a\000t\000i\000o\000n\000,\000\040\000a\000n\000d\000\040\000R\000e\000s\000e\000a\000r\000c\000h\000\040\000P\000l\000a\000n}{}% 52
\BOOKMARK [1][-]{section.7.1}{\376\377\0007\000.\0001\000\040\000E\000x\000p\000e\000c\000t\000e\000d\000\040\000O\000u\000t\000c\000o\000m\000e\000s}{chapter.7}% 53
\BOOKMARK [1][-]{section.7.2}{\376\377\0007\000.\0002\000\040\000V\000a\000l\000i\000d\000i\000t\000y\000\040\000S\000t\000r\000a\000t\000e\000g\000y}{chapter.7}% 54
\BOOKMARK [1][-]{section.7.3}{\376\377\0007\000.\0003\000\040\000R\000e\000p\000r\000o\000d\000u\000c\000i\000b\000i\000l\000i\000t\000y}{chapter.7}% 55
\BOOKMARK [1][-]{section.7.4}{\376\377\0007\000.\0004\000\040\000E\000t\000h\000i\000c\000a\000l\000\040\000a\000n\000d\000\040\000S\000e\000c\000u\000r\000i\000t\000y\000\040\000C\000o\000n\000s\000i\000d\000e\000r\000a\000t\000i\000o\000n\000s}{chapter.7}% 56
\BOOKMARK [1][-]{section.7.5}{\376\377\0007\000.\0005\000\040\000R\000i\000s\000k\000\040\000R\000e\000g\000i\000s\000t\000e\000r}{chapter.7}% 57
\BOOKMARK [1][-]{section.7.6}{\376\377\0007\000.\0006\000\040\000W\000o\000r\000k\000\040\000P\000l\000a\000n\000\040\000a\000n\000d\000\040\000T\000i\000m\000e\000l\000i\000n\000e}{chapter.7}% 58
\BOOKMARK [1][-]{section.7.7}{\376\377\0007\000.\0007\000\040\000L\000i\000m\000i\000t\000a\000t\000i\000o\000n\000s}{chapter.7}% 59
\BOOKMARK [1][-]{section.7.8}{\376\377\0007\000.\0008\000\040\000C\000o\000n\000c\000l\000u\000s\000i\000o\000n}{chapter.7}% 60
